{"C:\\Projects\\fusemachines\\clientApp\\src\\app.ts": {"path":"C:\\Projects\\fusemachines\\clientApp\\src\\app.ts","statementMap":{"0":{"start":{"line":1,"column":0},"end":{"line":1,"column":29}},"1":{"start":{"line":2,"column":0},"end":{"line":2,"column":37}},"2":{"start":{"line":3,"column":0},"end":{"line":3,"column":36}},"3":{"start":{"line":4,"column":0},"end":{"line":4,"column":25}},"4":{"start":{"line":5,"column":0},"end":{"line":5,"column":23}},"5":{"start":{"line":6,"column":0},"end":{"line":6,"column":31}},"6":{"start":{"line":7,"column":0},"end":{"line":7,"column":31}},"7":{"start":{"line":8,"column":0},"end":{"line":8,"column":29}},"8":{"start":{"line":9,"column":0},"end":{"line":9,"column":32}},"9":{"start":{"line":10,"column":0},"end":{"line":10,"column":59}},"10":{"start":{"line":11,"column":0},"end":{"line":11,"column":47}},"11":{"start":{"line":20,"column":8},"end":{"line":20,"column":null}},"12":{"start":{"line":21,"column":8},"end":{"line":21,"column":null}},"13":{"start":{"line":23,"column":8},"end":{"line":23,"column":null}},"14":{"start":{"line":24,"column":8},"end":{"line":24,"column":null}},"15":{"start":{"line":25,"column":8},"end":{"line":25,"column":null}},"16":{"start":{"line":26,"column":8},"end":{"line":26,"column":null}},"17":{"start":{"line":34,"column":14},"end":{"line":34,"column":null}},"18":{"start":{"line":37,"column":30},"end":{"line":37,"column":113}},"19":{"start":{"line":39,"column":27},"end":{"line":53,"column":10}},"20":{"start":{"line":47,"column":12},"end":{"line":48,"column":null}},"21":{"start":{"line":48,"column":16},"end":{"line":48,"column":null}},"22":{"start":{"line":52,"column":12},"end":{"line":52,"column":null}},"23":{"start":{"line":55,"column":8},"end":{"line":55,"column":null}},"24":{"start":{"line":63,"column":8},"end":{"line":63,"column":null}},"25":{"start":{"line":64,"column":8},"end":{"line":64,"column":null}},"26":{"start":{"line":65,"column":8},"end":{"line":65,"column":null}},"27":{"start":{"line":66,"column":8},"end":{"line":66,"column":null}},"28":{"start":{"line":67,"column":8},"end":{"line":67,"column":null}},"29":{"start":{"line":68,"column":8},"end":{"line":68,"column":null}},"30":{"start":{"line":73,"column":8},"end":{"line":73,"column":null}},"31":{"start":{"line":80,"column":8},"end":{"line":80,"column":null}},"32":{"start":{"line":84,"column":0},"end":{"line":84,"column":null}}},"fnMap":{"0":{"name":"(anonymous_1)","decl":{"start":{"line":18,"column":4},"end":{"line":18,"column":null}},"loc":{"start":{"line":18,"column":4},"end":{"line":27,"column":5}}},"1":{"name":"(anonymous_2)","decl":{"start":{"line":32,"column":11},"end":{"line":32,"column":28}},"loc":{"start":{"line":32,"column":28},"end":{"line":56,"column":5}}},"2":{"name":"(anonymous_3)","decl":{"start":{"line":42,"column":14},"end":{"line":42,"column":17}},"loc":{"start":{"line":42,"column":19},"end":{"line":50,"column":9}}},"3":{"name":"(anonymous_4)","decl":{"start":{"line":51,"column":15},"end":{"line":51,"column":18}},"loc":{"start":{"line":51,"column":21},"end":{"line":53,"column":9}}},"4":{"name":"(anonymous_5)","decl":{"start":{"line":61,"column":12},"end":{"line":61,"column":33}},"loc":{"start":{"line":61,"column":33},"end":{"line":69,"column":5}}},"5":{"name":"(anonymous_6)","decl":{"start":{"line":71,"column":12},"end":{"line":71,"column":35}},"loc":{"start":{"line":71,"column":35},"end":{"line":74,"column":5}}},"6":{"name":"(anonymous_7)","decl":{"start":{"line":78,"column":12},"end":{"line":78,"column":28}},"loc":{"start":{"line":78,"column":28},"end":{"line":81,"column":5}}}},"branchMap":{"0":{"loc":{"start":{"line":47,"column":12},"end":{"line":48,"column":null}},"type":"if","locations":[{"start":{"line":47,"column":12},"end":{"line":48,"column":null}},{"start":{"line":47,"column":12},"end":{"line":48,"column":null}}]}},"s":{"0":1,"1":1,"2":1,"3":1,"4":1,"5":1,"6":1,"7":1,"8":1,"9":1,"10":1,"11":1,"12":1,"13":1,"14":1,"15":1,"16":1,"17":1,"18":1,"19":1,"20":0,"21":0,"22":0,"23":1,"24":1,"25":1,"26":1,"27":1,"28":1,"29":1,"30":1,"31":1,"32":1},"f":{"0":1,"1":1,"2":0,"3":0,"4":1,"5":1,"6":1},"b":{"0":[0,0]}}
,"C:\\Projects\\fusemachines\\clientApp\\src\\components\\designation\\model\\designation.model.ts": {"path":"C:\\Projects\\fusemachines\\clientApp\\src\\components\\designation\\model\\designation.model.ts","statementMap":{"0":{"start":{"line":1,"column":0},"end":{"line":1,"column":31}},"1":{"start":{"line":3,"column":26},"end":{"line":10,"column":2}},"2":{"start":{"line":12,"column":0},"end":{"line":12,"column":null}}},"fnMap":{},"branchMap":{},"s":{"0":1,"1":1,"2":1},"f":{},"b":{}}
,"C:\\Projects\\fusemachines\\clientApp\\src\\components\\project\\controllers\\project.controller.ts": {"path":"C:\\Projects\\fusemachines\\clientApp\\src\\components\\project\\controllers\\project.controller.ts","statementMap":{"0":{"start":{"line":9,"column":4},"end":{"line":11,"column":null}},"1":{"start":{"line":10,"column":8},"end":{"line":10,"column":null}},"2":{"start":{"line":14,"column":0},"end":{"line":14,"column":null}}},"fnMap":{"0":{"name":"(anonymous_0)","decl":{"start":{"line":3,"column":0},"end":{"line":3,"column":6}},"loc":{"start":{"line":3,"column":0},"end":{"line":12,"column":1}}},"1":{"name":"(anonymous_1)","decl":{"start":{"line":9,"column":15},"end":{"line":9,"column":16}},"loc":{"start":{"line":9,"column":67},"end":{"line":11,"column":5}}}},"branchMap":{},"s":{"0":1,"1":0,"2":1},"f":{"0":1,"1":0},"b":{}}
,"C:\\Projects\\fusemachines\\clientApp\\src\\components\\project\\routes\\project.route.ts": {"path":"C:\\Projects\\fusemachines\\clientApp\\src\\components\\project\\routes\\project.route.ts","statementMap":{"0":{"start":{"line":1,"column":0},"end":{"line":1,"column":32}},"1":{"start":{"line":2,"column":0},"end":{"line":2,"column":89}},"2":{"start":{"line":10,"column":8},"end":{"line":10,"column":null}},"3":{"start":{"line":12,"column":8},"end":{"line":12,"column":null}},"4":{"start":{"line":17,"column":8},"end":{"line":17,"column":27}},"5":{"start":{"line":21,"column":0},"end":{"line":21,"column":null}}},"fnMap":{"0":{"name":"(anonymous_1)","decl":{"start":{"line":8,"column":4},"end":{"line":8,"column":null}},"loc":{"start":{"line":8,"column":4},"end":{"line":13,"column":5}}},"1":{"name":"(anonymous_2)","decl":{"start":{"line":15,"column":4},"end":{"line":15,"column":8}},"loc":{"start":{"line":15,"column":13},"end":{"line":18,"column":5}}}},"branchMap":{},"s":{"0":1,"1":1,"2":1,"3":1,"4":1,"5":1},"f":{"0":1,"1":1},"b":{}}
,"C:\\Projects\\fusemachines\\clientApp\\src\\components\\user\\controllers\\user.controller.ts": {"path":"C:\\Projects\\fusemachines\\clientApp\\src\\components\\user\\controllers\\user.controller.ts","statementMap":{"0":{"start":{"line":2,"column":0},"end":{"line":2,"column":39}},"1":{"start":{"line":3,"column":0},"end":{"line":3,"column":68}},"2":{"start":{"line":14,"column":11},"end":{"line":30,"column":null}},"3":{"start":{"line":14,"column":78},"end":{"line":30,"column":null}},"4":{"start":{"line":16,"column":32},"end":{"line":18,"column":10}},"5":{"start":{"line":20,"column":21},"end":{"line":26,"column":10}},"6":{"start":{"line":28,"column":24},"end":{"line":28,"column":73}},"7":{"start":{"line":29,"column":8},"end":{"line":29,"column":null}},"8":{"start":{"line":40,"column":11},"end":{"line":42,"column":null}},"9":{"start":{"line":41,"column":8},"end":{"line":41,"column":null}},"10":{"start":{"line":45,"column":0},"end":{"line":45,"column":null}}},"fnMap":{"0":{"name":"(anonymous_7)","decl":{"start":{"line":5,"column":0},"end":{"line":5,"column":6}},"loc":{"start":{"line":5,"column":0},"end":{"line":43,"column":1}}},"1":{"name":"(anonymous_8)","decl":{"start":{"line":14,"column":20},"end":{"line":14,"column":27}},"loc":{"start":{"line":14,"column":78},"end":{"line":30,"column":null}}},"2":{"name":"(anonymous_9)","decl":{"start":{"line":14,"column":78},"end":{"line":14,"column":null}},"loc":{"start":{"line":14,"column":78},"end":{"line":30,"column":5}}},"3":{"name":"(anonymous_10)","decl":{"start":{"line":40,"column":21},"end":{"line":40,"column":22}},"loc":{"start":{"line":40,"column":73},"end":{"line":42,"column":5}}}},"branchMap":{},"s":{"0":1,"1":1,"2":2,"3":0,"4":0,"5":0,"6":0,"7":0,"8":2,"9":0,"10":1},"f":{"0":2,"1":0,"2":0,"3":0},"b":{}}
,"C:\\Projects\\fusemachines\\clientApp\\src\\components\\user\\model\\user.model.ts": {"path":"C:\\Projects\\fusemachines\\clientApp\\src\\components\\user\\model\\user.model.ts","statementMap":{"0":{"start":{"line":3,"column":0},"end":{"line":3,"column":31}},"1":{"start":{"line":5,"column":19},"end":{"line":34,"column":2}},"2":{"start":{"line":36,"column":0},"end":{"line":36,"column":null}}},"fnMap":{},"branchMap":{},"s":{"0":1,"1":1,"2":1},"f":{},"b":{}}
,"C:\\Projects\\fusemachines\\clientApp\\src\\components\\user\\routes\\user.route.ts": {"path":"C:\\Projects\\fusemachines\\clientApp\\src\\components\\user\\routes\\user.route.ts","statementMap":{"0":{"start":{"line":1,"column":0},"end":{"line":1,"column":32}},"1":{"start":{"line":2,"column":0},"end":{"line":2,"column":59}},"2":{"start":{"line":10,"column":8},"end":{"line":10,"column":null}},"3":{"start":{"line":12,"column":8},"end":{"line":12,"column":null}},"4":{"start":{"line":13,"column":8},"end":{"line":13,"column":null}},"5":{"start":{"line":18,"column":8},"end":{"line":18,"column":27}},"6":{"start":{"line":22,"column":0},"end":{"line":22,"column":null}}},"fnMap":{"0":{"name":"(anonymous_1)","decl":{"start":{"line":8,"column":4},"end":{"line":8,"column":null}},"loc":{"start":{"line":8,"column":4},"end":{"line":14,"column":5}}},"1":{"name":"(anonymous_2)","decl":{"start":{"line":16,"column":4},"end":{"line":16,"column":8}},"loc":{"start":{"line":16,"column":13},"end":{"line":19,"column":5}}}},"branchMap":{},"s":{"0":1,"1":1,"2":1,"3":1,"4":1,"5":1,"6":1},"f":{"0":1,"1":1},"b":{}}
,"C:\\Projects\\fusemachines\\clientApp\\src\\config\\index.ts": {"path":"C:\\Projects\\fusemachines\\clientApp\\src\\config\\index.ts","statementMap":{"0":{"start":{"line":1,"column":15},"end":{"line":28,"column":null}},"1":{"start":{"line":30,"column":0},"end":{"line":30,"column":null}}},"fnMap":{},"branchMap":{},"s":{"0":1,"1":1},"f":{},"b":{}}
,"C:\\Projects\\fusemachines\\clientApp\\src\\middleware\\error.middleware.ts": {"path":"C:\\Projects\\fusemachines\\clientApp\\src\\middleware\\error.middleware.ts","statementMap":{"0":{"start":{"line":12,"column":19},"end":{"line":12,"column":38}},"1":{"start":{"line":13,"column":20},"end":{"line":13,"column":59}},"2":{"start":{"line":15,"column":4},"end":{"line":20,"column":null}},"3":{"start":{"line":23,"column":2},"end":{"line":23,"column":null}}},"fnMap":{"0":{"name":"errorMiddleware","decl":{"start":{"line":10,"column":9},"end":{"line":10,"column":24}},"loc":{"start":{"line":10,"column":103},"end":{"line":21,"column":3}}}},"branchMap":{"0":{"loc":{"start":{"line":12,"column":19},"end":{"line":12,"column":31}},"type":"binary-expr","locations":[{"start":{"line":12,"column":19},"end":{"line":12,"column":31}},{"start":{"line":12,"column":35},"end":{"line":12,"column":38}}]},"1":{"loc":{"start":{"line":13,"column":20},"end":{"line":13,"column":33}},"type":"binary-expr","locations":[{"start":{"line":13,"column":20},"end":{"line":13,"column":33}},{"start":{"line":13,"column":37},"end":{"line":13,"column":59}}]}},"s":{"0":0,"1":0,"2":0,"3":1},"f":{"0":0},"b":{"0":[0,0],"1":[0,0]}}
,"C:\\Projects\\fusemachines\\clientApp\\src\\routes\\v1.ts": {"path":"C:\\Projects\\fusemachines\\clientApp\\src\\routes\\v1.ts","statementMap":{"0":{"start":{"line":1,"column":0},"end":{"line":1,"column":51}},"1":{"start":{"line":2,"column":0},"end":{"line":2,"column":61}},"2":{"start":{"line":3,"column":0},"end":{"line":3,"column":70}},"3":{"start":{"line":11,"column":8},"end":{"line":11,"column":null}},"4":{"start":{"line":12,"column":8},"end":{"line":12,"column":null}},"5":{"start":{"line":17,"column":8},"end":{"line":19,"column":null}},"6":{"start":{"line":18,"column":12},"end":{"line":18,"column":null}},"7":{"start":{"line":21,"column":8},"end":{"line":21,"column":null}},"8":{"start":{"line":22,"column":8},"end":{"line":22,"column":null}},"9":{"start":{"line":27,"column":8},"end":{"line":27,"column":27}},"10":{"start":{"line":31,"column":0},"end":{"line":31,"column":null}}},"fnMap":{"0":{"name":"(anonymous_1)","decl":{"start":{"line":9,"column":4},"end":{"line":9,"column":null}},"loc":{"start":{"line":9,"column":4},"end":{"line":13,"column":5}}},"1":{"name":"(anonymous_2)","decl":{"start":{"line":15,"column":12},"end":{"line":15,"column":32}},"loc":{"start":{"line":15,"column":32},"end":{"line":23,"column":5}}},"2":{"name":"(anonymous_3)","decl":{"start":{"line":17,"column":28},"end":{"line":17,"column":29}},"loc":{"start":{"line":17,"column":60},"end":{"line":19,"column":9}}},"3":{"name":"(anonymous_4)","decl":{"start":{"line":25,"column":4},"end":{"line":25,"column":8}},"loc":{"start":{"line":25,"column":13},"end":{"line":28,"column":5}}}},"branchMap":{},"s":{"0":1,"1":1,"2":1,"3":1,"4":1,"5":1,"6":1,"7":1,"8":1,"9":2,"10":1},"f":{"0":1,"1":1,"2":1,"3":2},"b":{}}
,"C:\\Projects\\fusemachines\\clientApp\\src\\services\\database\\seeder.ts": {"path":"C:\\Projects\\fusemachines\\clientApp\\src\\services\\database\\seeder.ts","statementMap":{"0":{"start":{"line":1,"column":0},"end":{"line":1,"column":78}},"1":{"start":{"line":5,"column":8},"end":{"line":5,"column":null}},"2":{"start":{"line":10,"column":8},"end":{"line":35,"column":null}},"3":{"start":{"line":39,"column":0},"end":{"line":39,"column":null}}},"fnMap":{"0":{"name":"(anonymous_1)","decl":{"start":{"line":4,"column":4},"end":{"line":4,"column":null}},"loc":{"start":{"line":4,"column":4},"end":{"line":6,"column":5}}},"1":{"name":"(anonymous_2)","decl":{"start":{"line":8,"column":12},"end":{"line":8,"column":29}},"loc":{"start":{"line":8,"column":29},"end":{"line":36,"column":5}}}},"branchMap":{},"s":{"0":1,"1":0,"2":0,"3":1},"f":{"0":0,"1":0},"b":{}}
}
