TN:
SF:C:\Projects\fusemachines\clientApp\src\app.ts
FN:18,(anonymous_1)
FN:32,(anonymous_2)
FN:42,(anonymous_3)
FN:51,(anonymous_4)
FN:61,(anonymous_5)
FN:71,(anonymous_6)
FN:78,(anonymous_7)
FNF:7
FNH:5
FNDA:1,(anonymous_1)
FNDA:1,(anonymous_2)
FNDA:0,(anonymous_3)
FNDA:0,(anonymous_4)
FNDA:1,(anonymous_5)
FNDA:1,(anonymous_6)
FNDA:1,(anonymous_7)
DA:1,1
DA:2,1
DA:3,1
DA:4,1
DA:5,1
DA:6,1
DA:7,1
DA:8,1
DA:9,1
DA:10,1
DA:11,1
DA:20,1
DA:21,1
DA:23,1
DA:24,1
DA:25,1
DA:26,1
DA:34,1
DA:37,1
DA:39,1
DA:47,0
DA:48,0
DA:52,0
DA:55,1
DA:63,1
DA:64,1
DA:65,1
DA:66,1
DA:67,1
DA:68,1
DA:73,1
DA:80,1
DA:84,1
LF:33
LH:30
BRDA:47,0,0,0
BRDA:47,0,1,0
BRF:2
BRH:0
end_of_record
TN:
SF:C:\Projects\fusemachines\clientApp\src\components\designation\model\designation.model.ts
FNF:0
FNH:0
DA:1,1
DA:3,1
DA:12,1
LF:3
LH:3
BRF:0
BRH:0
end_of_record
TN:
SF:C:\Projects\fusemachines\clientApp\src\components\project\controllers\project.controller.ts
FN:3,(anonymous_0)
FN:9,(anonymous_1)
FNF:2
FNH:1
FNDA:1,(anonymous_0)
FNDA:0,(anonymous_1)
DA:9,1
DA:10,0
DA:14,1
LF:3
LH:2
BRF:0
BRH:0
end_of_record
TN:
SF:C:\Projects\fusemachines\clientApp\src\components\project\routes\project.route.ts
FN:8,(anonymous_1)
FN:15,(anonymous_2)
FNF:2
FNH:2
FNDA:1,(anonymous_1)
FNDA:1,(anonymous_2)
DA:1,1
DA:2,1
DA:10,1
DA:12,1
DA:17,1
DA:21,1
LF:6
LH:6
BRF:0
BRH:0
end_of_record
TN:
SF:C:\Projects\fusemachines\clientApp\src\components\user\controllers\user.controller.ts
FN:5,(anonymous_7)
FN:14,(anonymous_8)
FN:14,(anonymous_9)
FN:40,(anonymous_10)
FNF:4
FNH:1
FNDA:2,(anonymous_7)
FNDA:0,(anonymous_8)
FNDA:0,(anonymous_9)
FNDA:0,(anonymous_10)
DA:2,1
DA:3,1
DA:14,2
DA:16,0
DA:20,0
DA:28,0
DA:29,0
DA:40,2
DA:41,0
DA:45,1
LF:10
LH:5
BRF:0
BRH:0
end_of_record
TN:
SF:C:\Projects\fusemachines\clientApp\src\components\user\model\user.model.ts
FNF:0
FNH:0
DA:3,1
DA:5,1
DA:36,1
LF:3
LH:3
BRF:0
BRH:0
end_of_record
TN:
SF:C:\Projects\fusemachines\clientApp\src\components\user\routes\user.route.ts
FN:8,(anonymous_1)
FN:16,(anonymous_2)
FNF:2
FNH:2
FNDA:1,(anonymous_1)
FNDA:1,(anonymous_2)
DA:1,1
DA:2,1
DA:10,1
DA:12,1
DA:13,1
DA:18,1
DA:22,1
LF:7
LH:7
BRF:0
BRH:0
end_of_record
TN:
SF:C:\Projects\fusemachines\clientApp\src\config\index.ts
FNF:0
FNH:0
DA:1,1
DA:30,1
LF:2
LH:2
BRF:0
BRH:0
end_of_record
TN:
SF:C:\Projects\fusemachines\clientApp\src\middleware\error.middleware.ts
FN:10,errorMiddleware
FNF:1
FNH:0
FNDA:0,errorMiddleware
DA:12,0
DA:13,0
DA:15,0
DA:23,1
LF:4
LH:1
BRDA:12,0,0,0
BRDA:12,0,1,0
BRDA:13,1,0,0
BRDA:13,1,1,0
BRF:4
BRH:0
end_of_record
TN:
SF:C:\Projects\fusemachines\clientApp\src\routes\v1.ts
FN:9,(anonymous_1)
FN:15,(anonymous_2)
FN:17,(anonymous_3)
FN:25,(anonymous_4)
FNF:4
FNH:4
FNDA:1,(anonymous_1)
FNDA:1,(anonymous_2)
FNDA:1,(anonymous_3)
FNDA:2,(anonymous_4)
DA:1,1
DA:2,1
DA:3,1
DA:11,1
DA:12,1
DA:17,1
DA:18,1
DA:21,1
DA:22,1
DA:27,2
DA:31,1
LF:11
LH:11
BRF:0
BRH:0
end_of_record
TN:
SF:C:\Projects\fusemachines\clientApp\src\services\database\seeder.ts
FN:4,(anonymous_1)
FN:8,(anonymous_2)
FNF:2
FNH:0
FNDA:0,(anonymous_1)
FNDA:0,(anonymous_2)
DA:1,1
DA:5,0
DA:10,0
DA:39,1
LF:4
LH:2
BRF:0
BRH:0
end_of_record
